2017-07-05 10:50:17 -  - exec CUpdateClientPartner::SearchModulesEx
2017-07-05 10:50:17 -  - exec CUpdateClientPartner::__CollectRequestData
2017-07-05 10:50:17 -  - utf=Y&lang=ru&stable=Y&CANGZIP=Y&SUPD_DBS=MYSQL&XE=N&CLIENT_SITE=bitrix.intervolga.ru&LICENSE_KEY=X&SUPD_STS=1&SUPD_URS=0&SUPD_URSA=1&TYPENC=D&CLIENT_PHPVER=5.3.29&NGINX=Y&dbv=5.5.50&instm=main%2C16.5.4%2CY%3Bbitrix.sitecorporate%2C15.0.0%2CN%3Bbitrixcloud%2C16.0.0%2CN%3Bclouds%2C16.0.1%2CN%3Bcompression%2C16.0.0%2CN%3Bfileman%2C16.5.4%2CN%3Bhighloadblock%2C16.0.2%2CN%3Biblock%2C16.5.2%2CN%3Bperfmon%2C16.0.0%2CN%3Bsearch%2C16.0.0%2CN%3Bseo%2C16.0.3%2CN%3Bsocialservices%2C16.5.4%2CN%3Btranslate%2C14.5.0%2CN&search_module_id=&search_module=&search_category=7%2C14&search_type=&search_order=DESC&search_order_by=SORT&search_page=1&SUPD_SRS=RU&SUPD_CMP=N
2017-07-05 10:50:17 -  - exec CUpdateClientPartner::GetHTTPPage
2017-07-05 10:50:19 -  - TIME SearchModulesEx(request) 2.803 sec
2017-07-05 10:50:19 -  - exec CUpdateClientPartner::ParseServerData
2017-07-05 10:50:29 -  - exec CUpdateClientPartner::LoadModulesUpdates
2017-07-05 10:50:29 -  - exec CUpdateClientPartner::__CollectRequestData
2017-07-05 10:50:29 -  - utf=Y&lang=ru&stable=Y&CANGZIP=Y&SUPD_DBS=MYSQL&XE=N&CLIENT_SITE=bitrix.intervolga.ru&LICENSE_KEY=X&SUPD_STS=1&SUPD_URS=0&SUPD_URSA=1&TYPENC=D&CLIENT_PHPVER=5.3.29&NGINX=Y&dbv=5.5.50&instm=main%2C16.5.4%2CY%3Bbitrix.sitecorporate%2C15.0.0%2CN%3Bbitrixcloud%2C16.0.0%2CN%3Bclouds%2C16.0.1%2CN%3Bcompression%2C16.0.0%2CN%3Bfileman%2C16.5.4%2CN%3Bhighloadblock%2C16.0.2%2CN%3Biblock%2C16.5.2%2CN%3Bperfmon%2C16.0.0%2CN%3Bsearch%2C16.0.0%2CN%3Bseo%2C16.0.3%2CN%3Bsocialservices%2C16.5.4%2CN%3Btranslate%2C14.5.0%2CN&reqm=nsandrey.emptyinstall&lim=Y&SUPD_SRS=RU&SUPD_CMP=N
2017-07-05 10:50:29 -  - exec CUpdateClientPartner::GetHTTPPage
2017-07-05 10:50:30 -  - TIME LoadModulesUpdates(request) 0.629 sec
2017-07-05 10:50:30 -  - exec CUpdateClientPartner::ParseServerData
2017-07-05 10:50:30 - S - STEP
2017-07-05 10:50:30 - LM4W01 - loadModule4Wizard-Step
2017-07-05 10:50:30 -  - exec CUpdateClientPartner::LoadModulesUpdates
2017-07-05 10:50:30 -  - exec CUpdateClientPartner::ParseServerData
2017-07-05 10:50:30 -  - loadFile
2017-07-05 10:50:30 - U - RETURN
2017-07-05 10:50:30 -  - exec CUpdateClientPartner::UnGzipArchive
2017-07-05 10:50:31 -  - TIME UnGzipArchive 0.081 sec
2017-07-05 10:50:31 -  - TIME UpdateStepModules 0.161 sec
2017-07-05 10:50:31 -  - exec CUpdateClientPartner::LoadModulesUpdates
2017-07-05 10:50:31 -  - exec CUpdateClientPartner::__CollectRequestData
2017-07-05 10:50:31 -  - utf=Y&lang=ru&stable=Y&CANGZIP=Y&SUPD_DBS=MYSQL&XE=N&CLIENT_SITE=bitrix.intervolga.ru&LICENSE_KEY=X&SUPD_STS=1&SUPD_URS=0&SUPD_URSA=1&TYPENC=D&CLIENT_PHPVER=5.3.29&NGINX=Y&dbv=5.5.50&instm=main%2C16.5.4%2CY%3Bbitrix.sitecorporate%2C15.0.0%2CN%3Bbitrixcloud%2C16.0.0%2CN%3Bclouds%2C16.0.1%2CN%3Bcompression%2C16.0.0%2CN%3Bfileman%2C16.5.4%2CN%3Bhighloadblock%2C16.0.2%2CN%3Biblock%2C16.5.2%2CN%3Bnsandrey.emptyinstall%2C1.0.2%2CN%3Bperfmon%2C16.0.0%2CN%3Bsearch%2C16.0.0%2CN%3Bseo%2C16.0.3%2CN%3Bsocialservices%2C16.5.4%2CN%3Btranslate%2C14.5.0%2CN&reqm=nsandrey.emptyinstall&lim=Y&SUPD_SRS=RU&SUPD_CMP=N
2017-07-05 10:50:31 -  - exec CUpdateClientPartner::GetHTTPPage
2017-07-05 10:50:31 -  - TIME LoadModulesUpdates(request) 0.515 sec
2017-07-05 10:50:31 -  - exec CUpdateClientPartner::ParseServerData
2017-07-05 10:50:31 - STEP - Finish - NOUPDATES
2017-07-05 10:50:31 - LM4W03 - Finish - NOUPDATES
